\BOOKMARK [1][-]{section*.5}{\376\377\000L\000i\000s\000t\000\040\000o\000f\000\040\000A\000b\000b\000r\000e\000v\000i\000a\000t\000i\000o\000n\000s}{}% 1
\BOOKMARK [1][-]{section.1}{\376\377\000I\000n\000t\000r\000o\000d\000u\000c\000t\000i\000o\000n}{}% 2
\BOOKMARK [2][-]{subsection.1.1}{\376\377\000O\000b\000j\000e\000c\000t\000i\000v\000e}{section.1}% 3
\BOOKMARK [2][-]{subsection.1.2}{\376\377\000T\000h\000e\000s\000i\000s\000\040\000S\000t\000r\000u\000c\000t\000u\000r\000e}{section.1}% 4
\BOOKMARK [1][-]{section.2}{\376\377\000B\000a\000c\000k\000g\000r\000o\000u\000n\000d\000\040}{}% 5
\BOOKMARK [2][-]{subsection.2.1}{\376\377\000C\000h\000a\000o\000t\000i\000c\000\040\000D\000y\000n\000a\000m\000i\000c\000a\000l\000\040\000S\000y\000s\000t\000e\000m\000s}{section.2}% 6
\BOOKMARK [3][-]{subsubsection.2.1.1}{\376\377\000T\000h\000e\000\040\000L\000o\000r\000e\000n\000z\000\040\000S\000y\000s\000t\000e\000m}{subsection.2.1}% 7
\BOOKMARK [3][-]{subsubsection.2.1.2}{\376\377\000T\000h\000e\000\040\000M\000a\000c\000k\000e\000y\000-\000G\000l\000a\000s\000s\000\040\000S\000y\000s\000t\000e\000m}{subsection.2.1}% 8
\BOOKMARK [3][-]{subsubsection.2.1.3}{\376\377\000T\000h\000e\000\040\000S\000a\000n\000t\000a\000\040\000F\000e\000\040\000L\000a\000s\000e\000r\000\040\000D\000a\000t\000a\000s\000e\000t}{subsection.2.1}% 9
\BOOKMARK [2][-]{subsection.2.2}{\376\377\000R\000e\000c\000u\000r\000r\000e\000n\000t\000\040\000N\000e\000u\000r\000a\000l\000\040\000N\000e\000t\000w\000o\000r\000k\000s}{section.2}% 10
\BOOKMARK [2][-]{subsection.2.3}{\376\377\000L\000o\000n\000g\000\040\000S\000h\000o\000r\000t\000-\000T\000e\000r\000m\000\040\000M\000e\000m\000o\000r\000y\000\040\000N\000e\000t\000w\000o\000r\000k\000s}{section.2}% 11
\BOOKMARK [3][-]{subsubsection.2.3.1}{\376\377\000A\000r\000c\000h\000i\000t\000e\000c\000t\000u\000r\000e\000\040\000a\000n\000d\000\040\000G\000a\000t\000e\000\040\000E\000q\000u\000a\000t\000i\000o\000n\000s}{subsection.2.3}% 12
\BOOKMARK [3][-]{subsubsection.2.3.2}{\376\377\000P\000a\000r\000a\000m\000e\000t\000e\000r\000\040\000C\000o\000u\000n\000t}{subsection.2.3}% 13
\BOOKMARK [3][-]{subsubsection.2.3.3}{\376\377\000A\000r\000c\000h\000i\000t\000e\000c\000t\000u\000r\000e\000\040\000D\000e\000s\000i\000g\000n\000\040\000f\000o\000r\000\040\000T\000i\000m\000e\000-\000S\000e\000r\000i\000e\000s\000\040\000P\000r\000e\000d\000i\000c\000t\000i\000o\000n}{subsection.2.3}% 14
\BOOKMARK [3][-]{subsubsection.2.3.4}{\376\377\000T\000r\000a\000i\000n\000i\000n\000g}{subsection.2.3}% 15
\BOOKMARK [3][-]{subsubsection.2.3.5}{\376\377\000S\000t\000r\000e\000n\000g\000t\000h\000s\000\040\000a\000n\000d\000\040\000L\000i\000m\000i\000t\000a\000t\000i\000o\000n\000s}{subsection.2.3}% 16
\BOOKMARK [2][-]{subsection.2.4}{\376\377\000R\000e\000s\000e\000r\000v\000o\000i\000r\000\040\000C\000o\000m\000p\000u\000t\000i\000n\000g\000\040\000a\000n\000d\000\040\000E\000c\000h\000o\000-\000S\000t\000a\000t\000e\000\040\000N\000e\000t\000w\000o\000r\000k\000s}{section.2}% 17
\BOOKMARK [3][-]{subsubsection.2.4.1}{\376\377\000E\000S\000N\000\040\000A\000r\000c\000h\000i\000t\000e\000c\000t\000u\000r\000e}{subsection.2.4}% 18
\BOOKMARK [3][-]{subsubsection.2.4.2}{\376\377\000T\000h\000e\000\040\000E\000c\000h\000o\000\040\000S\000t\000a\000t\000e\000\040\000P\000r\000o\000p\000e\000r\000t\000y}{subsection.2.4}% 19
\BOOKMARK [3][-]{subsubsection.2.4.3}{\376\377\000T\000r\000a\000i\000n\000i\000n\000g\000\040\000v\000i\000a\000\040\000R\000i\000d\000g\000e\000\040\000R\000e\000g\000r\000e\000s\000s\000i\000o\000n}{subsection.2.4}% 20
\BOOKMARK [3][-]{subsubsection.2.4.4}{\376\377\000K\000e\000y\000\040\000H\000y\000p\000e\000r\000p\000a\000r\000a\000m\000e\000t\000e\000r\000s}{subsection.2.4}% 21
\BOOKMARK [3][-]{subsubsection.2.4.5}{\376\377\000P\000a\000r\000a\000m\000e\000t\000e\000r\000\040\000C\000o\000u\000n\000t\000\040\000a\000n\000d\000\040\000C\000o\000m\000p\000a\000r\000i\000s\000o\000n\000\040\000w\000i\000t\000h\000\040\000L\000S\000T\000M}{subsection.2.4}% 22
\BOOKMARK [3][-]{subsubsection.2.4.6}{\376\377\000T\000h\000e\000\040\000p\000y\000R\000e\000C\000o\000\040\000L\000i\000b\000r\000a\000r\000y}{subsection.2.4}% 23
\BOOKMARK [2][-]{subsection.2.5}{\376\377\000R\000e\000l\000a\000t\000e\000d\000\040\000W\000o\000r\000k}{section.2}% 24
\BOOKMARK [3][-]{subsubsection.2.5.1}{\376\377\000R\000C\000\040\000f\000o\000r\000\040\000C\000h\000a\000o\000t\000i\000c\000\040\000P\000r\000e\000d\000i\000c\000t\000i\000o\000n}{subsection.2.5}% 25
\BOOKMARK [3][-]{subsubsection.2.5.2}{\376\377\000C\000o\000m\000p\000a\000r\000a\000t\000i\000v\000e\000\040\000S\000t\000u\000d\000i\000e\000s}{subsection.2.5}% 26
\BOOKMARK [3][-]{subsubsection.2.5.3}{\376\377\000G\000a\000p\000s\000\040\000i\000n\000\040\000t\000h\000e\000\040\000L\000i\000t\000e\000r\000a\000t\000u\000r\000e}{subsection.2.5}% 27
\BOOKMARK [1][-]{section.3}{\376\377\000M\000e\000t\000h\000o\000d\000s}{}% 28
\BOOKMARK [2][-]{subsection.3.1}{\376\377\000E\000x\000p\000e\000r\000i\000m\000e\000n\000t\000a\000l\000\040\000F\000r\000a\000m\000e\000w\000o\000r\000k\000\040\000O\000v\000e\000r\000v\000i\000e\000w}{section.3}% 29
\BOOKMARK [2][-]{subsection.3.2}{\376\377\000D\000a\000t\000a\000s\000e\000t\000\040\000P\000r\000e\000p\000a\000r\000a\000t\000i\000o\000n}{section.3}% 30
\BOOKMARK [3][-]{subsubsection.3.2.1}{\376\377\000D\000a\000t\000a\000\040\000G\000e\000n\000e\000r\000a\000t\000i\000o\000n}{subsection.3.2}% 31
\BOOKMARK [3][-]{subsubsection.3.2.2}{\376\377\000P\000r\000e\000p\000r\000o\000c\000e\000s\000s\000i\000n\000g}{subsection.3.2}% 32
\BOOKMARK [3][-]{subsubsection.3.2.3}{\376\377\000T\000r\000a\000i\000n\000/\000V\000a\000l\000i\000d\000a\000t\000i\000o\000n\000/\000T\000e\000s\000t\000\040\000S\000p\000l\000i\000t}{subsection.3.2}% 33
\BOOKMARK [2][-]{subsection.3.3}{\376\377\000M\000o\000d\000e\000l\000\040\000C\000o\000n\000f\000i\000g\000u\000r\000a\000t\000i\000o\000n\000s}{section.3}% 34
\BOOKMARK [3][-]{subsubsection.3.3.1}{\376\377\000P\000a\000r\000a\000m\000e\000t\000e\000r\000\040\000B\000u\000d\000g\000e\000t\000\040\000M\000a\000t\000c\000h\000i\000n\000g\000\040\000S\000t\000r\000a\000t\000e\000g\000y}{subsection.3.3}% 35
\BOOKMARK [3][-]{subsubsection.3.3.2}{\376\377\000P\000y\000R\000e\000C\000o\000\040\000C\000o\000n\000f\000i\000g\000u\000r\000a\000t\000i\000o\000n}{subsection.3.3}% 36
\BOOKMARK [3][-]{subsubsection.3.3.3}{\376\377\000L\000S\000T\000M\000\040\000C\000o\000n\000f\000i\000g\000u\000r\000a\000t\000i\000o\000n}{subsection.3.3}% 37
\BOOKMARK [2][-]{subsection.3.4}{\376\377\000E\000v\000a\000l\000u\000a\000t\000i\000o\000n\000\040\000M\000e\000t\000r\000i\000c\000s}{section.3}% 38
\BOOKMARK [3][-]{subsubsection.3.4.1}{\376\377\000P\000r\000e\000d\000i\000c\000t\000i\000o\000n\000\040\000A\000c\000c\000u\000r\000a\000c\000y}{subsection.3.4}% 39
\BOOKMARK [3][-]{subsubsection.3.4.2}{\376\377\000M\000u\000l\000t\000i\000-\000S\000t\000e\000p\000\040\000P\000r\000e\000d\000i\000c\000t\000i\000o\000n}{subsection.3.4}% 40
\BOOKMARK [3][-]{subsubsection.3.4.3}{\376\377\000C\000o\000m\000p\000u\000t\000a\000t\000i\000o\000n\000a\000l\000\040\000E\000f\000f\000i\000c\000i\000e\000n\000c\000y}{subsection.3.4}% 41
\BOOKMARK [2][-]{subsection.3.5}{\376\377\000S\000t\000a\000t\000i\000s\000t\000i\000c\000a\000l\000\040\000A\000n\000a\000l\000y\000s\000i\000s}{section.3}% 42
\BOOKMARK [1][-]{section.4}{\376\377\000R\000e\000s\000u\000l\000t\000s\000\040}{}% 43
\BOOKMARK [2][-]{subsection.4.1}{\376\377\000S\000i\000n\000g\000l\000e\000-\000S\000t\000e\000p\000\040\000P\000r\000e\000d\000i\000c\000t\000i\000o\000n\000\040\000P\000e\000r\000f\000o\000r\000m\000a\000n\000c\000e}{section.4}% 44
\BOOKMARK [3][-]{subsubsection.4.1.1}{\376\377\000L\000o\000r\000e\000n\000z\000\040\000S\000y\000s\000t\000e\000m}{subsection.4.1}% 45
\BOOKMARK [3][-]{subsubsection.4.1.2}{\376\377\000M\000a\000c\000k\000e\000y\000-\000G\000l\000a\000s\000s\000\040\000S\000y\000s\000t\000e\000m}{subsection.4.1}% 46
\BOOKMARK [3][-]{subsubsection.4.1.3}{\376\377\000S\000a\000n\000t\000a\000\040\000F\000e\000\040\000L\000a\000s\000e\000r\000\040\000D\000a\000t\000a\000s\000e\000t}{subsection.4.1}% 47
\BOOKMARK [2][-]{subsection.4.2}{\376\377\000D\000a\000t\000a\000\040\000E\000f\000f\000i\000c\000i\000e\000n\000c\000y\000\040\000A\000n\000a\000l\000y\000s\000i\000s}{section.4}% 48
\BOOKMARK [3][-]{subsubsection.4.2.1}{\376\377\000L\000o\000r\000e\000n\000z\000\040\000S\000y\000s\000t\000e\000m}{subsection.4.2}% 49
\BOOKMARK [3][-]{subsubsection.4.2.2}{\376\377\000M\000a\000c\000k\000e\000y\000-\000G\000l\000a\000s\000s\000\040\000S\000y\000s\000t\000e\000m}{subsection.4.2}% 50
\BOOKMARK [3][-]{subsubsection.4.2.3}{\376\377\000S\000a\000n\000t\000a\000\040\000F\000e\000\040\000L\000a\000s\000e\000r\000\040\000D\000a\000t\000a\000s\000e\000t}{subsection.4.2}% 51
\BOOKMARK [3][-]{subsubsection.4.2.4}{\376\377\000S\000u\000p\000p\000l\000e\000m\000e\000n\000t\000a\000r\000y\000\040\000V\000a\000l\000i\000d\000a\000t\000i\000o\000n\000:\000\040\000B\000r\000o\000a\000d\000\040\000G\000r\000i\000d\000\040\000S\000e\000a\000r\000c\000h\000\040\000a\000t\000\040\000L\000o\000w\000\040\000D\000a\000t\000a}{subsection.4.2}% 52
\BOOKMARK [2][-]{subsection.4.3}{\376\377\000M\000u\000l\000t\000i\000-\000S\000t\000e\000p\000\040\000P\000r\000e\000d\000i\000c\000t\000i\000o\000n}{section.4}% 53
\BOOKMARK [2][-]{subsection.4.4}{\376\377\000T\000r\000a\000i\000n\000i\000n\000g\000\040\000E\000f\000f\000i\000c\000i\000e\000n\000c\000y}{section.4}% 54
\BOOKMARK [3][-]{subsubsection.4.4.1}{\376\377\000T\000r\000a\000i\000n\000i\000n\000g\000\040\000T\000i\000m\000e\000\040\000w\000i\000t\000h\000\040\000O\000p\000t\000i\000m\000a\000l\000\040\000P\000a\000r\000a\000m\000e\000t\000e\000r\000s}{subsection.4.4}% 55
\BOOKMARK [3][-]{subsubsection.4.4.2}{\376\377\000H\000y\000p\000e\000r\000p\000a\000r\000a\000m\000e\000t\000e\000r\000\040\000T\000u\000n\000i\000n\000g\000\040\000C\000o\000s\000t}{subsection.4.4}% 56
\BOOKMARK [3][-]{subsubsection.4.4.3}{\376\377\000I\000n\000f\000e\000r\000e\000n\000c\000e\000\040\000T\000i\000m\000e}{subsection.4.4}% 57
\BOOKMARK [3][-]{subsubsection.4.4.4}{\376\377\000T\000r\000a\000i\000n\000i\000n\000g\000\040\000E\000f\000f\000i\000c\000i\000e\000n\000c\000y}{subsection.4.4}% 58
\BOOKMARK [2][-]{subsection.4.5}{\376\377\000S\000t\000a\000t\000i\000s\000t\000i\000c\000a\000l\000\040\000S\000i\000g\000n\000i\000f\000i\000c\000a\000n\000c\000e}{section.4}% 59
\BOOKMARK [1][-]{section.5}{\376\377\000D\000i\000s\000c\000u\000s\000s\000i\000o\000n}{}% 60
\BOOKMARK [2][-]{subsection.5.1}{\376\377\000I\000n\000t\000e\000r\000p\000r\000e\000t\000a\000t\000i\000o\000n\000\040\000o\000f\000\040\000K\000e\000y\000\040\000F\000i\000n\000d\000i\000n\000g\000s}{section.5}% 61
\BOOKMARK [3][-]{subsubsection.5.1.1}{\376\377\000W\000h\000y\000\040\000P\000y\000R\000e\000C\000o\000\040\000E\000x\000c\000e\000l\000s\000\040\000o\000n\000\040\000S\000y\000n\000t\000h\000e\000t\000i\000c\000\040\000C\000h\000a\000o\000t\000i\000c\000\040\000S\000y\000s\000t\000e\000m\000s}{subsection.5.1}% 62
\BOOKMARK [3][-]{subsubsection.5.1.2}{\376\377\000W\000h\000y\000\040\000L\000S\000T\000M\000\040\000E\000x\000c\000e\000l\000s\000\040\000o\000n\000\040\000R\000e\000a\000l\000-\000W\000o\000r\000l\000d\000\040\000D\000a\000t\000a}{subsection.5.1}% 63
\BOOKMARK [2][-]{subsection.5.2}{\376\377\000P\000a\000r\000a\000m\000e\000t\000e\000r\000\040\000B\000u\000d\000g\000e\000t\000\040\000A\000n\000a\000l\000y\000s\000i\000s}{section.5}% 64
\BOOKMARK [2][-]{subsection.5.3}{\376\377\000M\000o\000n\000o\000t\000o\000n\000i\000c\000\040\000H\000y\000p\000e\000r\000p\000a\000r\000a\000m\000e\000t\000e\000r\000\040\000T\000r\000e\000n\000d\000s\000\040\000o\000n\000\040\000C\000h\000a\000o\000t\000i\000c\000\040\000T\000i\000m\000e\000\040\000S\000e\000r\000i\000e\000s}{section.5}% 65
\BOOKMARK [2][-]{subsection.5.4}{\376\377\000T\000r\000a\000i\000n\000i\000n\000g\000\040\000E\000f\000f\000i\000c\000i\000e\000n\000c\000y\000\040\000T\000r\000a\000d\000e\000-\000o\000f\000f\000s}{section.5}% 66
\BOOKMARK [2][-]{subsection.5.5}{\376\377\000L\000i\000m\000i\000t\000a\000t\000i\000o\000n\000s}{section.5}% 67
\BOOKMARK [2][-]{subsection.5.6}{\376\377\000C\000o\000m\000p\000a\000r\000i\000s\000o\000n\000\040\000w\000i\000t\000h\000\040\000L\000i\000t\000e\000r\000a\000t\000u\000r\000e}{section.5}% 68
\BOOKMARK [1][-]{section.6}{\376\377\000C\000o\000n\000c\000l\000u\000s\000i\000o\000n}{}% 69
\BOOKMARK [2][-]{subsection.6.1}{\376\377\000S\000u\000m\000m\000a\000r\000y\000\040\000o\000f\000\040\000K\000e\000y\000\040\000F\000i\000n\000d\000i\000n\000g\000s}{section.6}% 70
\BOOKMARK [2][-]{subsection.6.2}{\376\377\000P\000r\000a\000c\000t\000i\000c\000a\000l\000\040\000R\000e\000c\000o\000m\000m\000e\000n\000d\000a\000t\000i\000o\000n\000s}{section.6}% 71
\BOOKMARK [2][-]{subsection.6.3}{\376\377\000F\000u\000t\000u\000r\000e\000\040\000W\000o\000r\000k}{section.6}% 72
\BOOKMARK [1][-]{section*.32}{\376\377\000A\000p\000p\000e\000n\000d\000i\000x}{}% 73
\BOOKMARK [2][-]{section*.33}{\376\377\000A\000.\000\040\000P\000y\000R\000e\000C\000o\000\040\000H\000y\000p\000e\000r\000p\000a\000r\000a\000m\000e\000t\000e\000r\000\040\000S\000e\000a\000r\000c\000h\000\040\000G\000r\000i\000d\000s}{section*.32}% 74
\BOOKMARK [2][-]{section*.37}{\376\377\000B\000.\000\040\000D\000e\000t\000a\000i\000l\000e\000d\000\040\000S\000t\000a\000t\000i\000s\000t\000i\000c\000a\000l\000\040\000R\000e\000s\000u\000l\000t\000s}{section*.32}% 75
\BOOKMARK [2][-]{section*.41}{\376\377\000C\000.\000\040\000S\000o\000f\000t\000w\000a\000r\000e\000\040\000a\000n\000d\000\040\000H\000a\000r\000d\000w\000a\000r\000e}{section*.32}% 76
